TN:
SF:index.js
FN:13,(anonymous_0)
FNF:1
FNH:1
FNDA:2,(anonymous_0)
DA:1,2
DA:2,2
DA:3,2
DA:5,2
DA:7,2
DA:8,2
DA:9,2
DA:10,2
DA:12,2
DA:13,2
DA:14,2
DA:17,2
LF:12
LH:12
BRDA:12,0,0,2
BRDA:12,0,1,2
BRF:2
BRH:2
end_of_record
TN:
SF:middleware\auth.js
FN:3,auth
FNF:1
FNH:1
FNDA:8,auth
DA:1,3
DA:4,8
DA:5,8
DA:6,2
DA:9,6
DA:10,6
DA:11,5
DA:12,5
DA:14,1
DA:18,3
LF:10
LH:10
BRDA:5,0,0,2
BRDA:5,0,1,6
BRF:2
BRH:2
end_of_record
TN:
SF:models\genre.js
FN:15,validateGenre
FNF:1
FNH:1
FNDA:5,validateGenre
DA:1,2
DA:2,2
DA:4,2
DA:13,2
DA:16,5
DA:20,5
DA:24,2
DA:25,2
DA:26,2
LF:9
LH:9
BRF:0
BRH:0
end_of_record
TN:
SF:models\user.js
FN:29,(anonymous_0)
FN:44,validateUser
FNF:2
FNH:1
FNDA:7,(anonymous_0)
FNDA:0,validateUser
DA:1,3
DA:2,3
DA:3,3
DA:5,3
DA:29,3
DA:30,7
DA:35,7
DA:42,3
DA:45,0
DA:51,0
DA:54,3
DA:55,3
LF:12
LH:10
BRF:0
BRH:0
end_of_record
